[1015/101825.566:ERROR:prune_crash_reports.cc(34)] PruneCrashReportDatabase: Failed to get pending reports
[1015/102940.583:ERROR:prune_crash_reports.cc(34)] PruneCrashReportDatabase: Failed to get pending reports
[1015/103527.100:ERROR:prune_crash_reports.cc(34)] PruneCrashReportDatabase: Failed to get pending reports
[1015/110524.974:ERROR:prune_crash_reports.cc(34)] PruneCrashReportDatabase: Failed to get pending reports
[1015/121041.403:ERROR:prune_crash_reports.cc(34)] PruneCrashReportDatabase: Failed to get pending reports
[1015/121451.334:ERROR:prune_crash_reports.cc(34)] PruneCrashReportDatabase: Failed to get pending reports
[1015/123804.645:ERROR:prune_crash_reports.cc(34)] PruneCrashReportDatabase: Failed to get pending reports
[1015/143626.905:ERROR:prune_crash_reports.cc(34)] PruneCrashReportDatabase: Failed to get pending reports
[1015/143950.424:ERROR:prune_crash_reports.cc(34)] PruneCrashReportDatabase: Failed to get pending reports
[1015/144053.924:ERROR:prune_crash_reports.cc(34)] PruneCrashReportDatabase: Failed to get pending reports
[1015/155746.522:ERROR:prune_crash_reports.cc(34)] PruneCrashReportDatabase: Failed to get pending reports
[1015/160321.281:ERROR:prune_crash_reports.cc(34)] PruneCrashReportDatabase: Failed to get pending reports
[1015/174424.977:ERROR:prune_crash_reports.cc(34)] PruneCrashReportDatabase: Failed to get pending reports
[1015/174818.224:ERROR:prune_crash_reports.cc(34)] PruneCrashReportDatabase: Failed to get pending reports
[1015/180046.672:ERROR:prune_crash_reports.cc(34)] PruneCrashReportDatabase: Failed to get pending reports
[1015/180820.741:ERROR:prune_crash_reports.cc(34)] PruneCrashReportDatabase: Failed to get pending reports
[1015/192440.301:ERROR:prune_crash_reports.cc(34)] PruneCrashReportDatabase: Failed to get pending reports
[1015/210913.508:ERROR:prune_crash_reports.cc(34)] PruneCrashReportDatabase: Failed to get pending reports
[1015/214649.862:ERROR:process_reader_win.cc(242)] ReadMemory at 0x77910000 of 64 bytes failed: Error (0x3AFC) while retrieving error. (0x12B)
[1015/214649.893:WARNING:pe_image_reader.cc(302)] could not read dos header from C:\windows\SYSTEM32\ntdll.dll
[1015/214649.893:ERROR:process_reader_win.cc(242)] ReadMemory at 0x777f0000 of 64 bytes failed: Only part of a ReadProcessMemory or WriteProcessMemory request was completed. (0x12B)
[1015/214649.907:WARNING:pe_image_reader.cc(302)] could not read dos header from C:\windows\system32\kernel32.dll
[1015/214649.907:ERROR:process_reader_win.cc(242)] ReadMemory at 0x7fefd700000 of 64 bytes failed: Only part of a ReadProcessMemory or WriteProcessMemory request was completed. (0x12B)
[1015/214649.907:WARNING:pe_image_reader.cc(302)] could not read dos header from C:\windows\system32\KERNELBASE.dll
[1015/214649.907:ERROR:process_reader_win.cc(242)] ReadMemory at 0x7fefdd60000 of 64 bytes failed: Only part of a ReadProcessMemory or WriteProcessMemory request was completed. (0x12B)
[1015/214649.907:WARNING:pe_image_reader.cc(302)] could not read dos header from C:\windows\system32\msvcrt.dll
[1015/214649.907:ERROR:process_reader_win.cc(242)] ReadMemory at 0x776f0000 of 64 bytes failed: Only part of a ReadProcessMemory or WriteProcessMemory request was completed. (0x12B)
[1015/214649.907:WARNING:pe_image_reader.cc(302)] could not read dos header from C:\windows\system32\USER32.dll
[1015/214649.908:ERROR:process_reader_win.cc(242)] ReadMemory at 0x77910000 of 64 bytes failed: Only part of a ReadProcessMemory or WriteProcessMemory request was completed. (0x12B)
[1015/214649.909:WARNING:pe_image_reader.cc(302)] could not read dos header from C:\windows\SYSTEM32\ntdll.dll
[1015/214649.909:ERROR:process_reader_win.cc(242)] ReadMemory at 0x777f0000 of 64 bytes failed: Only part of a ReadProcessMemory or WriteProcessMemory request was completed. (0x12B)
[1015/214649.909:WARNING:pe_image_reader.cc(302)] could not read dos header from C:\windows\system32\kernel32.dll
[1015/214649.909:ERROR:process_reader_win.cc(242)] ReadMemory at 0x7fefd700000 of 64 bytes failed: Only part of a ReadProcessMemory or WriteProcessMemory request was completed. (0x12B)
[1015/214649.909:WARNING:pe_image_reader.cc(302)] could not read dos header from C:\windows\system32\KERNELBASE.dll
[1015/214649.909:ERROR:process_reader_win.cc(242)] ReadMemory at 0x7fefdd60000 of 64 bytes failed: Only part of a ReadProcessMemory or WriteProcessMemory request was completed. (0x12B)
[1015/214649.909:WARNING:pe_image_reader.cc(302)] could not read dos header from C:\windows\system32\msvcrt.dll
[1015/214649.909:ERROR:process_reader_win.cc(242)] ReadMemory at 0x776f0000 of 64 bytes failed: Only part of a ReadProcessMemory or WriteProcessMemory request was completed. (0x12B)
[1015/214649.909:WARNING:pe_image_reader.cc(302)] could not read dos header from C:\windows\system32\USER32.dll
[1015/214649.910:ERROR:process_reader_win.cc(242)] ReadMemory at 0x77910000 of 64 bytes failed: Only part of a ReadProcessMemory or WriteProcessMemory request was completed. (0x12B)
[1015/214649.910:WARNING:pe_image_reader.cc(302)] could not read dos header from C:\windows\SYSTEM32\ntdll.dll
[1015/214649.910:ERROR:process_reader_win.cc(242)] ReadMemory at 0x777f0000 of 64 bytes failed: Only part of a ReadProcessMemory or WriteProcessMemory request was completed. (0x12B)
[1015/214649.910:WARNING:pe_image_reader.cc(302)] could not read dos header from C:\windows\system32\kernel32.dll
[1015/214649.910:ERROR:process_reader_win.cc(242)] ReadMemory at 0x7fefd700000 of 64 bytes failed: Only part of a ReadProcessMemory or WriteProcessMemory request was completed. (0x12B)
[1015/214649.911:WARNING:pe_image_reader.cc(302)] could not read dos header from C:\windows\system32\KERNELBASE.dll
[1015/214649.911:ERROR:process_reader_win.cc(242)] ReadMemory at 0x7fefdd60000 of 64 bytes failed: Only part of a ReadProcessMemory or WriteProcessMemory request was completed. (0x12B)
[1015/214649.911:WARNING:pe_image_reader.cc(302)] could not read dos header from C:\windows\system32\msvcrt.dll
[1015/214649.911:ERROR:process_reader_win.cc(242)] ReadMemory at 0x776f0000 of 64 bytes failed: Only part of a ReadProcessMemory or WriteProcessMemory request was completed. (0x12B)
[1015/214649.911:WARNING:pe_image_reader.cc(302)] could not read dos header from C:\windows\system32\USER32.dll
[1015/214649.921:ERROR:process_reader_win.cc(242)] ReadMemory at 0x77910000 of 64 bytes failed: Only part of a ReadProcessMemory or WriteProcessMemory request was completed. (0x12B)
[1015/214649.921:WARNING:pe_image_reader.cc(302)] could not read dos header from C:\windows\SYSTEM32\ntdll.dll
[1015/214649.922:ERROR:process_reader_win.cc(242)] ReadMemory at 0x777f0000 of 64 bytes failed: Only part of a ReadProcessMemory or WriteProcessMemory request was completed. (0x12B)
[1015/214649.922:WARNING:pe_image_reader.cc(302)] could not read dos header from C:\windows\system32\kernel32.dll
[1015/214649.922:ERROR:process_reader_win.cc(242)] ReadMemory at 0x7fefd700000 of 64 bytes failed: Only part of a ReadProcessMemory or WriteProcessMemory request was completed. (0x12B)
[1015/214649.922:WARNING:pe_image_reader.cc(302)] could not read dos header from C:\windows\system32\KERNELBASE.dll
[1015/214649.922:ERROR:process_reader_win.cc(242)] ReadMemory at 0x7fefdd60000 of 64 bytes failed: Only part of a ReadProcessMemory or WriteProcessMemory request was completed. (0x12B)
[1015/214649.922:WARNING:pe_image_reader.cc(302)] could not read dos header from C:\windows\system32\msvcrt.dll
[1015/214649.922:ERROR:process_reader_win.cc(242)] ReadMemory at 0x776f0000 of 64 bytes failed: Only part of a ReadProcessMemory or WriteProcessMemory request was completed. (0x12B)
[1015/214649.922:WARNING:pe_image_reader.cc(302)] could not read dos header from C:\windows\system32\USER32.dll
[1015/214649.923:ERROR:process_reader_win.cc(242)] ReadMemory at 0x77910000 of 64 bytes failed: Only part of a ReadProcessMemory or WriteProcessMemory request was completed. (0x12B)
[1015/214649.923:WARNING:pe_image_reader.cc(302)] could not read dos header from C:\windows\SYSTEM32\ntdll.dll
[1015/214649.923:ERROR:process_reader_win.cc(242)] ReadMemory at 0x77910000 of 64 bytes failed: Only part of a ReadProcessMemory or WriteProcessMemory request was completed. (0x12B)
[1015/214649.923:WARNING:pe_image_reader.cc(302)] could not read dos header from C:\windows\SYSTEM32\ntdll.dll
[1015/214649.923:ERROR:process_reader_win.cc(242)] ReadMemory at 0x777f0000 of 64 bytes failed: Only part of a ReadProcessMemory or WriteProcessMemory request was completed. (0x12B)
[1015/214649.923:WARNING:pe_image_reader.cc(302)] could not read dos header from C:\windows\system32\kernel32.dll
[1015/214649.923:ERROR:process_reader_win.cc(242)] ReadMemory at 0x777f0000 of 64 bytes failed: Only part of a ReadProcessMemory or WriteProcessMemory request was completed. (0x12B)
[1015/214649.923:WARNING:pe_image_reader.cc(302)] could not read dos header from C:\windows\system32\kernel32.dll
[1015/214649.923:ERROR:process_reader_win.cc(242)] ReadMemory at 0x7fefd700000 of 64 bytes failed: Only part of a ReadProcessMemory or WriteProcessMemory request was completed. (0x12B)
[1015/214649.924:WARNING:pe_image_reader.cc(302)] could not read dos header from C:\windows\system32\KERNELBASE.dll
[1015/214649.924:ERROR:process_reader_win.cc(242)] ReadMemory at 0x7fefd700000 of 64 bytes failed: Only part of a ReadProcessMemory or WriteProcessMemory request was completed. (0x12B)
[1015/214649.924:WARNING:pe_image_reader.cc(302)] could not read dos header from C:\windows\system32\KERNELBASE.dll
[1015/214649.925:ERROR:process_reader_win.cc(242)] ReadMemory at 0x7fefdd60000 of 64 bytes failed: Only part of a ReadProcessMemory or WriteProcessMemory request was completed. (0x12B)
[1015/214649.925:WARNING:pe_image_reader.cc(302)] could not read dos header from C:\windows\system32\msvcrt.dll
[1015/214649.925:ERROR:process_reader_win.cc(242)] ReadMemory at 0x7fefdd60000 of 64 bytes failed: Only part of a ReadProcessMemory or WriteProcessMemory request was completed. (0x12B)
[1015/214649.925:WARNING:pe_image_reader.cc(302)] could not read dos header from C:\windows\system32\msvcrt.dll
[1015/214649.926:ERROR:process_reader_win.cc(242)] ReadMemory at 0x776f0000 of 64 bytes failed: Only part of a ReadProcessMemory or WriteProcessMemory request was completed. (0x12B)
[1015/214649.926:WARNING:pe_image_reader.cc(302)] could not read dos header from C:\windows\system32\USER32.dll
[1015/214649.926:ERROR:process_reader_win.cc(242)] ReadMemory at 0x776f0000 of 64 bytes failed: Only part of a ReadProcessMemory or WriteProcessMemory request was completed. (0x12B)
[1015/214649.926:WARNING:pe_image_reader.cc(302)] could not read dos header from C:\windows\system32\USER32.dll
[1015/214710.564:ERROR:prune_crash_reports.cc(34)] PruneCrashReportDatabase: Failed to get pending reports
[1015/214755.099:ERROR:process_reader_win.cc(242)] ReadMemory at 0x77910000 of 64 bytes failed: Only part of a ReadProcessMemory or WriteProcessMemory request was completed. (0x12B)
[1015/214755.118:WARNING:pe_image_reader.cc(302)] could not read dos header from C:\windows\SYSTEM32\ntdll.dll
[1015/214755.118:ERROR:process_reader_win.cc(242)] ReadMemory at 0x777f0000 of 64 bytes failed: Only part of a ReadProcessMemory or WriteProcessMemory request was completed. (0x12B)
[1015/214755.119:WARNING:pe_image_reader.cc(302)] could not read dos header from C:\windows\system32\kernel32.dll
[1015/214755.119:ERROR:process_reader_win.cc(242)] ReadMemory at 0x7fefd700000 of 64 bytes failed: Only part of a ReadProcessMemory or WriteProcessMemory request was completed. (0x12B)
[1015/214755.119:WARNING:pe_image_reader.cc(302)] could not read dos header from C:\windows\system32\KERNELBASE.dll
[1015/214755.119:ERROR:process_reader_win.cc(242)] ReadMemory at 0x7fefdd60000 of 64 bytes failed: Only part of a ReadProcessMemory or WriteProcessMemory request was completed. (0x12B)
[1015/214755.119:WARNING:pe_image_reader.cc(302)] could not read dos header from C:\windows\system32\msvcrt.dll
[1015/214755.119:ERROR:process_reader_win.cc(242)] ReadMemory at 0x776f0000 of 64 bytes failed: Only part of a ReadProcessMemory or WriteProcessMemory request was completed. (0x12B)
[1015/214755.119:WARNING:pe_image_reader.cc(302)] could not read dos header from C:\windows\system32\USER32.dll
[1015/214755.119:ERROR:process_reader_win.cc(242)] ReadMemory at 0x77910000 of 64 bytes failed: Only part of a ReadProcessMemory or WriteProcessMemory request was completed. (0x12B)
[1015/214755.119:WARNING:pe_image_reader.cc(302)] could not read dos header from C:\windows\SYSTEM32\ntdll.dll
[1015/214755.120:ERROR:process_reader_win.cc(242)] ReadMemory at 0x777f0000 of 64 bytes failed: Only part of a ReadProcessMemory or WriteProcessMemory request was completed. (0x12B)
[1015/214755.120:WARNING:pe_image_reader.cc(302)] could not read dos header from C:\windows\system32\kernel32.dll
[1015/214755.120:ERROR:process_reader_win.cc(242)] ReadMemory at 0x7fefd700000 of 64 bytes failed: Only part of a ReadProcessMemory or WriteProcessMemory request was completed. (0x12B)
[1015/214755.120:WARNING:pe_image_reader.cc(302)] could not read dos header from C:\windows\system32\KERNELBASE.dll
[1015/214755.120:ERROR:process_reader_win.cc(242)] ReadMemory at 0x7fefdd60000 of 64 bytes failed: Only part of a ReadProcessMemory or WriteProcessMemory request was completed. (0x12B)
[1015/214755.120:WARNING:pe_image_reader.cc(302)] could not read dos header from C:\windows\system32\msvcrt.dll
[1015/214755.120:ERROR:process_reader_win.cc(242)] ReadMemory at 0x776f0000 of 64 bytes failed: Only part of a ReadProcessMemory or WriteProcessMemory request was completed. (0x12B)
[1015/214755.120:WARNING:pe_image_reader.cc(302)] could not read dos header from C:\windows\system32\USER32.dll
[1015/214755.121:ERROR:process_reader_win.cc(242)] ReadMemory at 0x77910000 of 64 bytes failed: Only part of a ReadProcessMemory or WriteProcessMemory request was completed. (0x12B)
[1015/214755.121:WARNING:pe_image_reader.cc(302)] could not read dos header from C:\windows\SYSTEM32\ntdll.dll
[1015/214755.121:ERROR:process_reader_win.cc(242)] ReadMemory at 0x777f0000 of 64 bytes failed: Only part of a ReadProcessMemory or WriteProcessMemory request was completed. (0x12B)
[1015/214755.121:WARNING:pe_image_reader.cc(302)] could not read dos header from C:\windows\system32\kernel32.dll
[1015/214755.121:ERROR:process_reader_win.cc(242)] ReadMemory at 0x7fefd700000 of 64 bytes failed: Only part of a ReadProcessMemory or WriteProcessMemory request was completed. (0x12B)
[1015/214755.121:WARNING:pe_image_reader.cc(302)] could not read dos header from C:\windows\system32\KERNELBASE.dll
[1015/214755.121:ERROR:process_reader_win.cc(242)] ReadMemory at 0x7fefdd60000 of 64 bytes failed: Only part of a ReadProcessMemory or WriteProcessMemory request was completed. (0x12B)
[1015/214755.121:WARNING:pe_image_reader.cc(302)] could not read dos header from C:\windows\system32\msvcrt.dll
[1015/214755.122:ERROR:process_reader_win.cc(242)] ReadMemory at 0x776f0000 of 64 bytes failed: Only part of a ReadProcessMemory or WriteProcessMemory request was completed. (0x12B)
[1015/214755.122:WARNING:pe_image_reader.cc(302)] could not read dos header from C:\windows\system32\USER32.dll
[1015/214755.129:ERROR:process_reader_win.cc(242)] ReadMemory at 0x77910000 of 64 bytes failed: Only part of a ReadProcessMemory or WriteProcessMemory request was completed. (0x12B)
[1015/214755.129:WARNING:pe_image_reader.cc(302)] could not read dos header from C:\windows\SYSTEM32\ntdll.dll
[1015/214755.129:ERROR:process_reader_win.cc(242)] ReadMemory at 0x777f0000 of 64 bytes failed: Only part of a ReadProcessMemory or WriteProcessMemory request was completed. (0x12B)
[1015/214755.129:WARNING:pe_image_reader.cc(302)] could not read dos header from C:\windows\system32\kernel32.dll
[1015/214755.129:ERROR:process_reader_win.cc(242)] ReadMemory at 0x7fefd700000 of 64 bytes failed: Only part of a ReadProcessMemory or WriteProcessMemory request was completed. (0x12B)
[1015/214755.129:WARNING:pe_image_reader.cc(302)] could not read dos header from C:\windows\system32\KERNELBASE.dll
[1015/214755.129:ERROR:process_reader_win.cc(242)] ReadMemory at 0x7fefdd60000 of 64 bytes failed: Only part of a ReadProcessMemory or WriteProcessMemory request was completed. (0x12B)
[1015/214755.129:WARNING:pe_image_reader.cc(302)] could not read dos header from C:\windows\system32\msvcrt.dll
[1015/214755.129:ERROR:process_reader_win.cc(242)] ReadMemory at 0x776f0000 of 64 bytes failed: Only part of a ReadProcessMemory or WriteProcessMemory request was completed. (0x12B)
[1015/214755.129:WARNING:pe_image_reader.cc(302)] could not read dos header from C:\windows\system32\USER32.dll
[1015/214755.130:ERROR:process_reader_win.cc(242)] ReadMemory at 0x77910000 of 64 bytes failed: Only part of a ReadProcessMemory or WriteProcessMemory request was completed. (0x12B)
[1015/214755.130:WARNING:pe_image_reader.cc(302)] could not read dos header from C:\windows\SYSTEM32\ntdll.dll
[1015/214755.131:ERROR:process_reader_win.cc(242)] ReadMemory at 0x77910000 of 64 bytes failed: Only part of a ReadProcessMemory or WriteProcessMemory request was completed. (0x12B)
[1015/214755.131:WARNING:pe_image_reader.cc(302)] could not read dos header from C:\windows\SYSTEM32\ntdll.dll
[1015/214755.131:ERROR:process_reader_win.cc(242)] ReadMemory at 0x777f0000 of 64 bytes failed: Only part of a ReadProcessMemory or WriteProcessMemory request was completed. (0x12B)
[1015/214755.131:WARNING:pe_image_reader.cc(302)] could not read dos header from C:\windows\system32\kernel32.dll
[1015/214755.131:ERROR:process_reader_win.cc(242)] ReadMemory at 0x777f0000 of 64 bytes failed: Only part of a ReadProcessMemory or WriteProcessMemory request was completed. (0x12B)
[1015/214755.131:WARNING:pe_image_reader.cc(302)] could not read dos header from C:\windows\system32\kernel32.dll
[1015/214755.131:ERROR:process_reader_win.cc(242)] ReadMemory at 0x7fefd700000 of 64 bytes failed: Only part of a ReadProcessMemory or WriteProcessMemory request was completed. (0x12B)
[1015/214755.131:WARNING:pe_image_reader.cc(302)] could not read dos header from C:\windows\system32\KERNELBASE.dll
[1015/214755.131:ERROR:process_reader_win.cc(242)] ReadMemory at 0x7fefd700000 of 64 bytes failed: Only part of a ReadProcessMemory or WriteProcessMemory request was completed. (0x12B)
[1015/214755.131:WARNING:pe_image_reader.cc(302)] could not read dos header from C:\windows\system32\KERNELBASE.dll
[1015/214755.131:ERROR:process_reader_win.cc(242)] ReadMemory at 0x7fefdd60000 of 64 bytes failed: Only part of a ReadProcessMemory or WriteProcessMemory request was completed. (0x12B)
[1015/214755.131:WARNING:pe_image_reader.cc(302)] could not read dos header from C:\windows\system32\msvcrt.dll
[1015/214755.131:ERROR:process_reader_win.cc(242)] ReadMemory at 0x7fefdd60000 of 64 bytes failed: Only part of a ReadProcessMemory or WriteProcessMemory request was completed. (0x12B)
[1015/214755.131:WARNING:pe_image_reader.cc(302)] could not read dos header from C:\windows\system32\msvcrt.dll
[1015/214755.131:ERROR:process_reader_win.cc(242)] ReadMemory at 0x776f0000 of 64 bytes failed: Only part of a ReadProcessMemory or WriteProcessMemory request was completed. (0x12B)
[1015/214755.132:WARNING:pe_image_reader.cc(302)] could not read dos header from C:\windows\system32\USER32.dll
[1015/214755.132:ERROR:process_reader_win.cc(242)] ReadMemory at 0x776f0000 of 64 bytes failed: Only part of a ReadProcessMemory or WriteProcessMemory request was completed. (0x12B)
[1015/214755.132:WARNING:pe_image_reader.cc(302)] could not read dos header from C:\windows\system32\USER32.dll
[1015/214755.162:ERROR:process_reader_win.cc(242)] ReadMemory at 0x77910000 of 64 bytes failed: Only part of a ReadProcessMemory or WriteProcessMemory request was completed. (0x12B)
[1015/214755.162:WARNING:pe_image_reader.cc(302)] could not read dos header from C:\windows\SYSTEM32\ntdll.dll
[1015/214755.162:ERROR:process_reader_win.cc(242)] ReadMemory at 0x777f0000 of 64 bytes failed: Only part of a ReadProcessMemory or WriteProcessMemory request was completed. (0x12B)
[1015/214755.162:WARNING:pe_image_reader.cc(302)] could not read dos header from C:\windows\system32\kernel32.dll
[1015/214755.162:ERROR:process_reader_win.cc(242)] ReadMemory at 0x7fefd700000 of 64 bytes failed: Only part of a ReadProcessMemory or WriteProcessMemory request was completed. (0x12B)
[1015/214755.162:WARNING:pe_image_reader.cc(302)] could not read dos header from C:\windows\system32\KERNELBASE.dll
[1015/214755.162:ERROR:process_reader_win.cc(242)] ReadMemory at 0x7fefdd60000 of 64 bytes failed: Only part of a ReadProcessMemory or WriteProcessMemory request was completed. (0x12B)
[1015/214755.162:WARNING:pe_image_reader.cc(302)] could not read dos header from C:\windows\system32\msvcrt.dll
[1015/214755.162:ERROR:process_reader_win.cc(242)] ReadMemory at 0x776f0000 of 64 bytes failed: Only part of a ReadProcessMemory or WriteProcessMemory request was completed. (0x12B)
[1015/214755.163:WARNING:pe_image_reader.cc(302)] could not read dos header from C:\windows\system32\USER32.dll
[1015/214759.411:ERROR:process_reader_win.cc(242)] ReadMemory at 0x77910000 of 64 bytes failed: Only part of a ReadProcessMemory or WriteProcessMemory request was completed. (0x12B)
[1015/214759.411:WARNING:pe_image_reader.cc(302)] could not read dos header from C:\windows\SYSTEM32\ntdll.dll
[1015/214759.411:ERROR:process_reader_win.cc(242)] ReadMemory at 0x777f0000 of 64 bytes failed: Only part of a ReadProcessMemory or WriteProcessMemory request was completed. (0x12B)
[1015/214759.411:WARNING:pe_image_reader.cc(302)] could not read dos header from C:\windows\system32\kernel32.dll
[1015/214759.411:ERROR:process_reader_win.cc(242)] ReadMemory at 0x7fefd700000 of 64 bytes failed: Only part of a ReadProcessMemory or WriteProcessMemory request was completed. (0x12B)
[1015/214759.411:WARNING:pe_image_reader.cc(302)] could not read dos header from C:\windows\system32\KERNELBASE.dll
[1015/214759.412:ERROR:process_reader_win.cc(242)] ReadMemory at 0x7fefdd60000 of 64 bytes failed: Only part of a ReadProcessMemory or WriteProcessMemory request was completed. (0x12B)
[1015/214759.412:WARNING:pe_image_reader.cc(302)] could not read dos header from C:\windows\system32\msvcrt.dll
[1015/214759.412:ERROR:process_reader_win.cc(242)] ReadMemory at 0x776f0000 of 64 bytes failed: Only part of a ReadProcessMemory or WriteProcessMemory request was completed. (0x12B)
[1015/214759.412:WARNING:pe_image_reader.cc(302)] could not read dos header from C:\windows\system32\USER32.dll
[1015/214759.412:ERROR:process_reader_win.cc(242)] ReadMemory at 0x77910000 of 64 bytes failed: Only part of a ReadProcessMemory or WriteProcessMemory request was completed. (0x12B)
[1015/214759.413:WARNING:pe_image_reader.cc(302)] could not read dos header from C:\windows\SYSTEM32\ntdll.dll
[1015/214759.413:ERROR:process_reader_win.cc(242)] ReadMemory at 0x777f0000 of 64 bytes failed: Only part of a ReadProcessMemory or WriteProcessMemory request was completed. (0x12B)
[1015/214759.413:WARNING:pe_image_reader.cc(302)] could not read dos header from C:\windows\system32\kernel32.dll
[1015/214759.413:ERROR:process_reader_win.cc(242)] ReadMemory at 0x7fefd700000 of 64 bytes failed: Only part of a ReadProcessMemory or WriteProcessMemory request was completed. (0x12B)
[1015/214759.413:WARNING:pe_image_reader.cc(302)] could not read dos header from C:\windows\system32\KERNELBASE.dll
[1015/214759.413:ERROR:process_reader_win.cc(242)] ReadMemory at 0x7fefdd60000 of 64 bytes failed: Only part of a ReadProcessMemory or WriteProcessMemory request was completed. (0x12B)
[1015/214759.414:WARNING:pe_image_reader.cc(302)] could not read dos header from C:\windows\system32\msvcrt.dll
[1015/214759.414:ERROR:process_reader_win.cc(242)] ReadMemory at 0x776f0000 of 64 bytes failed: Only part of a ReadProcessMemory or WriteProcessMemory request was completed. (0x12B)
[1015/214759.414:WARNING:pe_image_reader.cc(302)] could not read dos header from C:\windows\system32\USER32.dll
[1015/214759.415:ERROR:process_reader_win.cc(242)] ReadMemory at 0x77910000 of 64 bytes failed: Only part of a ReadProcessMemory or WriteProcessMemory request was completed. (0x12B)
[1015/214759.415:WARNING:pe_image_reader.cc(302)] could not read dos header from C:\windows\SYSTEM32\ntdll.dll
[1015/214759.415:ERROR:process_reader_win.cc(242)] ReadMemory at 0x777f0000 of 64 bytes failed: Only part of a ReadProcessMemory or WriteProcessMemory request was completed. (0x12B)
[1015/214759.415:WARNING:pe_image_reader.cc(302)] could not read dos header from C:\windows\system32\kernel32.dll
[1015/214759.415:ERROR:process_reader_win.cc(242)] ReadMemory at 0x7fefd700000 of 64 bytes failed: Only part of a ReadProcessMemory or WriteProcessMemory request was completed. (0x12B)
[1015/214759.415:WARNING:pe_image_reader.cc(302)] could not read dos header from C:\windows\system32\KERNELBASE.dll
[1015/214759.415:ERROR:process_reader_win.cc(242)] ReadMemory at 0x7fefdd60000 of 64 bytes failed: Only part of a ReadProcessMemory or WriteProcessMemory request was completed. (0x12B)
[1015/214759.416:WARNING:pe_image_reader.cc(302)] could not read dos header from C:\windows\system32\msvcrt.dll
[1015/214759.416:ERROR:process_reader_win.cc(242)] ReadMemory at 0x776f0000 of 64 bytes failed: Only part of a ReadProcessMemory or WriteProcessMemory request was completed. (0x12B)
[1015/214759.416:WARNING:pe_image_reader.cc(302)] could not read dos header from C:\windows\system32\USER32.dll
[1015/214759.424:ERROR:process_reader_win.cc(242)] ReadMemory at 0x77910000 of 64 bytes failed: Only part of a ReadProcessMemory or WriteProcessMemory request was completed. (0x12B)
[1015/214759.424:WARNING:pe_image_reader.cc(302)] could not read dos header from C:\windows\SYSTEM32\ntdll.dll
[1015/214759.424:ERROR:process_reader_win.cc(242)] ReadMemory at 0x777f0000 of 64 bytes failed: Only part of a ReadProcessMemory or WriteProcessMemory request was completed. (0x12B)
[1015/214759.424:WARNING:pe_image_reader.cc(302)] could not read dos header from C:\windows\system32\kernel32.dll
[1015/214759.424:ERROR:process_reader_win.cc(242)] ReadMemory at 0x7fefd700000 of 64 bytes failed: Only part of a ReadProcessMemory or WriteProcessMemory request was completed. (0x12B)
[1015/214759.424:WARNING:pe_image_reader.cc(302)] could not read dos header from C:\windows\system32\KERNELBASE.dll
[1015/214759.424:ERROR:process_reader_win.cc(242)] ReadMemory at 0x7fefdd60000 of 64 bytes failed: Only part of a ReadProcessMemory or WriteProcessMemory request was completed. (0x12B)
[1015/214759.425:WARNING:pe_image_reader.cc(302)] could not read dos header from C:\windows\system32\msvcrt.dll
[1015/214759.425:ERROR:process_reader_win.cc(242)] ReadMemory at 0x776f0000 of 64 bytes failed: Only part of a ReadProcessMemory or WriteProcessMemory request was completed. (0x12B)
[1015/214759.425:WARNING:pe_image_reader.cc(302)] could not read dos header from C:\windows\system32\USER32.dll
[1015/214759.426:ERROR:process_reader_win.cc(242)] ReadMemory at 0x77910000 of 64 bytes failed: Only part of a ReadProcessMemory or WriteProcessMemory request was completed. (0x12B)
[1015/214759.426:WARNING:pe_image_reader.cc(302)] could not read dos header from C:\windows\SYSTEM32\ntdll.dll
[1015/214759.426:ERROR:process_reader_win.cc(242)] ReadMemory at 0x77910000 of 64 bytes failed: Only part of a ReadProcessMemory or WriteProcessMemory request was completed. (0x12B)
[1015/214759.426:WARNING:pe_image_reader.cc(302)] could not read dos header from C:\windows\SYSTEM32\ntdll.dll
[1015/214759.426:ERROR:process_reader_win.cc(242)] ReadMemory at 0x777f0000 of 64 bytes failed: Only part of a ReadProcessMemory or WriteProcessMemory request was completed. (0x12B)
[1015/214759.426:WARNING:pe_image_reader.cc(302)] could not read dos header from C:\windows\system32\kernel32.dll
[1015/214759.426:ERROR:process_reader_win.cc(242)] ReadMemory at 0x777f0000 of 64 bytes failed: Only part of a ReadProcessMemory or WriteProcessMemory request was completed. (0x12B)
[1015/214759.426:WARNING:pe_image_reader.cc(302)] could not read dos header from C:\windows\system32\kernel32.dll
[1015/214759.426:ERROR:process_reader_win.cc(242)] ReadMemory at 0x7fefd700000 of 64 bytes failed: Only part of a ReadProcessMemory or WriteProcessMemory request was completed. (0x12B)
[1015/214759.426:WARNING:pe_image_reader.cc(302)] could not read dos header from C:\windows\system32\KERNELBASE.dll
[1015/214759.426:ERROR:process_reader_win.cc(242)] ReadMemory at 0x7fefd700000 of 64 bytes failed: Only part of a ReadProcessMemory or WriteProcessMemory request was completed. (0x12B)
[1015/214759.426:WARNING:pe_image_reader.cc(302)] could not read dos header from C:\windows\system32\KERNELBASE.dll
[1015/214759.426:ERROR:process_reader_win.cc(242)] ReadMemory at 0x7fefdd60000 of 64 bytes failed: Only part of a ReadProcessMemory or WriteProcessMemory request was completed. (0x12B)
[1015/214759.426:WARNING:pe_image_reader.cc(302)] could not read dos header from C:\windows\system32\msvcrt.dll
[1015/214759.426:ERROR:process_reader_win.cc(242)] ReadMemory at 0x7fefdd60000 of 64 bytes failed: Only part of a ReadProcessMemory or WriteProcessMemory request was completed. (0x12B)
[1015/214759.427:WARNING:pe_image_reader.cc(302)] could not read dos header from C:\windows\system32\msvcrt.dll
[1015/214759.427:ERROR:process_reader_win.cc(242)] ReadMemory at 0x776f0000 of 64 bytes failed: Only part of a ReadProcessMemory or WriteProcessMemory request was completed. (0x12B)
[1015/214759.427:WARNING:pe_image_reader.cc(302)] could not read dos header from C:\windows\system32\USER32.dll
[1015/214759.427:ERROR:process_reader_win.cc(242)] ReadMemory at 0x776f0000 of 64 bytes failed: Only part of a ReadProcessMemory or WriteProcessMemory request was completed. (0x12B)
[1015/214759.427:WARNING:pe_image_reader.cc(302)] could not read dos header from C:\windows\system32\USER32.dll
[1015/214759.455:ERROR:process_reader_win.cc(242)] ReadMemory at 0x77910000 of 64 bytes failed: Only part of a ReadProcessMemory or WriteProcessMemory request was completed. (0x12B)
[1015/214759.455:WARNING:pe_image_reader.cc(302)] could not read dos header from C:\windows\SYSTEM32\ntdll.dll
[1015/214759.455:ERROR:process_reader_win.cc(242)] ReadMemory at 0x777f0000 of 64 bytes failed: Only part of a ReadProcessMemory or WriteProcessMemory request was completed. (0x12B)
[1015/214759.455:WARNING:pe_image_reader.cc(302)] could not read dos header from C:\windows\system32\kernel32.dll
[1015/214759.455:ERROR:process_reader_win.cc(242)] ReadMemory at 0x7fefd700000 of 64 bytes failed: Only part of a ReadProcessMemory or WriteProcessMemory request was completed. (0x12B)
[1015/214759.455:WARNING:pe_image_reader.cc(302)] could not read dos header from C:\windows\system32\KERNELBASE.dll
[1015/214759.455:ERROR:process_reader_win.cc(242)] ReadMemory at 0x7fefdd60000 of 64 bytes failed: Only part of a ReadProcessMemory or WriteProcessMemory request was completed. (0x12B)
[1015/214759.455:WARNING:pe_image_reader.cc(302)] could not read dos header from C:\windows\system32\msvcrt.dll
[1015/214759.455:ERROR:process_reader_win.cc(242)] ReadMemory at 0x776f0000 of 64 bytes failed: Only part of a ReadProcessMemory or WriteProcessMemory request was completed. (0x12B)
[1015/214759.456:WARNING:pe_image_reader.cc(302)] could not read dos header from C:\windows\system32\USER32.dll
